<?xml version="1.0" encoding="UTF-8"?>
<!-- Generated by org.testng.reporters.JUnitReportReporter -->
<testsuite hostname="LPT-0995" failures="0" tests="3" name="section_four.DynamicJson" time="2.548" errors="0" timestamp="2022-12-15T15:09:56 IST" skipped="0">
  <testcase classname="section_four.DynamicJson" name="AddBook" time="0.145"/>
  <system-out/>
  <testcase classname="section_four.DynamicJson" name="AddBook" time="2.252"/>
  <system-out/>
  <testcase classname="section_four.DynamicJson" name="AddBook" time="0.151"/>
  <system-out/>
</testsuite> <!-- section_four.DynamicJson -->
